<?xml version="1.0" encoding="UTF-8"?>
<!-- Generated by org.testng.reporters.JUnitXMLReporter -->
<testsuite ignored="0" hostname="rihams-MBP" failures="0" tests="3" name="Test1" time="121.904" errors="0" timestamp="2022-09-27T15:51:16 EET">
  <testcase classname="Musala_ContactUs.Musala_ContactUs_Tests" name="testWrongEmail" time="2.093"/>
  <testcase classname="Musala_Careers.Musala_Careers_Test" name="testCareersPage" time="40.399"/>
  <testcase classname="Musala_Company.Musala_Company_Test" name="testCompanyPage" time="5.723"/>
</testsuite> <!-- Test1 -->
